<?xml version="1.0" encoding="UTF-8"?>
<!-- Generated by org.testng.reporters.JUnitReportReporter -->
<testsuite hostname="Sumair" failures="0" tests="4" name="com.imejob.tests.functional.EmployerAuthTest" time="26.839" errors="0" timestamp="2025-09-16T20:37:49 IST" skipped="0">
  <testcase classname="com.imejob.tests.functional.EmployerAuthTest" name="verifyNavigateToCreateAccount" time="7.040"/>
  <testcase classname="com.imejob.tests.functional.EmployerAuthTest" name="verifyNavigateToSignIn" time="7.065"/>
  <testcase classname="com.imejob.tests.functional.EmployerAuthTest" name="verifyNavigateToForgotPassword" time="5.610"/>
  <testcase classname="com.imejob.tests.functional.EmployerAuthTest" name="verifyNavigateToLogin" time="7.124"/>
</testsuite> <!-- com.imejob.tests.functional.EmployerAuthTest -->
