<?xml version="1.0" encoding="UTF-8"?>
<!-- Generated by org.testng.reporters.JUnitReportReporter -->
<testsuite hostname="Sumair" failures="0" tests="1" name="com.imejob.tests.functional.JobSeekerProfileTest" time="11.060" errors="0" timestamp="2025-10-11T16:44:10 IST" skipped="0">
  <testcase classname="com.imejob.tests.functional.JobSeekerProfileTest" name="testEditProfile" time="11.060"/>
</testsuite> <!-- com.imejob.tests.functional.JobSeekerProfileTest -->
