<?xml version="1.0" encoding="UTF-8"?>
<!-- Generated by org.testng.reporters.JUnitReportReporter -->
<testsuite hostname="Sumair" failures="0" tests="2" name="com.imejob.tests.functional.JobSeekerAuthTest" time="26.184" errors="0" timestamp="2025-09-15T13:53:42 IST" skipped="0">
  <testcase classname="com.imejob.tests.functional.JobSeekerAuthTest" name="navigateToCreateAccountTest" time="10.024"/>
  <testcase classname="com.imejob.tests.functional.JobSeekerAuthTest" name="createAccountTest" time="16.160"/>
</testsuite> <!-- com.imejob.tests.functional.JobSeekerAuthTest -->
