<?xml version="1.0" encoding="UTF-8"?>
<!-- Generated by org.testng.reporters.JUnitReportReporter -->
<testsuite hostname="Sumair" failures="0" tests="4" name="com.imejob.tests.navigation.HomePageNavigationTest" time="33.588" errors="0" timestamp="2025-09-28T19:57:41 IST" skipped="0">
  <testcase classname="com.imejob.tests.navigation.HomePageNavigationTest" name="CreateAccountNavTest" time="8.638"/>
  <testcase classname="com.imejob.tests.navigation.HomePageNavigationTest" name="clickWhatsAppIconTest" time="10.722"/>
  <testcase classname="com.imejob.tests.navigation.HomePageNavigationTest" name="ViewAllJobNavTest" time="7.876"/>
  <testcase classname="com.imejob.tests.navigation.HomePageNavigationTest" name="bookDemoNavTest" time="6.352"/>
</testsuite> <!-- com.imejob.tests.navigation.HomePageNavigationTest -->
