<?xml version="1.0" encoding="UTF-8"?>
<!-- Generated by org.testng.reporters.JUnitReportReporter -->
<testsuite hostname="Sumair" failures="0" tests="1" name="com.imejob.tests.navigation.SidebarTest" time="21.280" errors="0" timestamp="2025-09-28T14:10:54 IST" skipped="0">
  <testcase classname="com.imejob.tests.navigation.SidebarTest" name="testNavigationCommunity" time="21.280"/>
</testsuite> <!-- com.imejob.tests.navigation.SidebarTest -->
