<?xml version="1.0" encoding="UTF-8"?>
<!-- Generated by org.testng.reporters.JUnitReportReporter -->
<testsuite hostname="Sumair" failures="0" tests="1" name="com.imejob.tests.functional.JobSeekerDocumentTest" time="15.171" errors="0" timestamp="2025-10-09T16:22:54 IST" skipped="0">
  <testcase classname="com.imejob.tests.functional.JobSeekerDocumentTest" name="testUploadDocumentWithoutSelectingCategory" time="15.171"/>
</testsuite> <!-- com.imejob.tests.functional.JobSeekerDocumentTest -->
