<?xml version="1.0" encoding="UTF-8"?>
<!-- Generated by org.testng.reporters.JUnitReportReporter -->
<testsuite hostname="Sumair" failures="0" tests="4" name="com.imejob.tests.navigation.HomePageNavigation" time="13.212" errors="0" timestamp="2025-09-10T00:03:07 IST" skipped="0">
  <testcase classname="com.imejob.tests.navigation.HomePageNavigation" name="CreateAccountNavTest" time="3.361"/>
  <testcase classname="com.imejob.tests.navigation.HomePageNavigation" name="testClickWhatsAppIcon" time="3.782"/>
  <testcase classname="com.imejob.tests.navigation.HomePageNavigation" name="ViewAllJobNavTest" time="4.863"/>
  <testcase classname="com.imejob.tests.navigation.HomePageNavigation" name="bookDemoNavTest" time="1.206"/>
</testsuite> <!-- com.imejob.tests.navigation.HomePageNavigation -->
