<?xml version="1.0" encoding="UTF-8"?>
<!-- Generated by org.testng.reporters.JUnitReportReporter -->
<testsuite hostname="Sumair" failures="0" tests="7" name="com.imejob.tests.HeaderNavigationTest" time="24.564" errors="0" timestamp="2025-09-05T15:54:53 IST" skipped="0">
  <testcase classname="com.imejob.tests.HeaderNavigationTest" name="jobSearch" time="4.619"/>
  <testcase classname="com.imejob.tests.HeaderNavigationTest" name="aboutUs" time="2.482"/>
  <testcase classname="com.imejob.tests.HeaderNavigationTest" name="brandLogo" time="3.784"/>
  <testcase classname="com.imejob.tests.HeaderNavigationTest" name="joinCommunity" time="3.333"/>
  <testcase classname="com.imejob.tests.HeaderNavigationTest" name="blogs" time="4.417"/>
  <testcase classname="com.imejob.tests.HeaderNavigationTest" name="contactUs" time="3.259"/>
  <testcase classname="com.imejob.tests.HeaderNavigationTest" name="pricing" time="2.670"/>
</testsuite> <!-- com.imejob.tests.HeaderNavigationTest -->
