<?xml version="1.0" encoding="UTF-8"?>
<!-- Generated by org.testng.reporters.JUnitReportReporter -->
<testsuite hostname="Sumair" failures="0" tests="4" name="com.imejob.tests.navigation.HomePageNavigationTest" time="13.005" errors="0" timestamp="2025-10-21T14:23:36 IST" skipped="0">
  <testcase classname="com.imejob.tests.navigation.HomePageNavigationTest" name="CreateAccountNavTest" time="2.708"/>
  <testcase classname="com.imejob.tests.navigation.HomePageNavigationTest" name="clickWhatsAppIconTest" time="4.469"/>
  <testcase classname="com.imejob.tests.navigation.HomePageNavigationTest" name="ViewAllJobNavTest" time="3.325"/>
  <testcase classname="com.imejob.tests.navigation.HomePageNavigationTest" name="bookDemoNavTest" time="2.503"/>
</testsuite> <!-- com.imejob.tests.navigation.HomePageNavigationTest -->
