<?xml version="1.0" encoding="UTF-8"?>
<!-- Generated by org.testng.reporters.JUnitReportReporter -->
<testsuite hostname="Sumair" failures="0" tests="4" name="com.imejob.tests.functional.EmployerAuthTest" time="21.262" errors="0" timestamp="2025-09-09T16:06:20 IST" skipped="0">
  <testcase classname="com.imejob.tests.functional.EmployerAuthTest" name="verifyNavigateToCreateAccount" time="4.719"/>
  <testcase classname="com.imejob.tests.functional.EmployerAuthTest" name="verifyNavigateToSignIn" time="8.558"/>
  <testcase classname="com.imejob.tests.functional.EmployerAuthTest" name="verifyNavigateToForgotPassword" time="3.160"/>
  <testcase classname="com.imejob.tests.functional.EmployerAuthTest" name="verifyNavigateToLogin" time="4.825"/>
</testsuite> <!-- com.imejob.tests.functional.EmployerAuthTest -->
