<?xml version="1.0" encoding="UTF-8"?>
<!-- Generated by org.testng.reporters.JUnitReportReporter -->
<testsuite hostname="Sumair" failures="0" tests="2" name="com.imejob.tests.functional.JobSeekerAuthTest" time="102.256" errors="0" timestamp="2025-09-07T21:42:59 IST" skipped="0">
  <testcase classname="com.imejob.tests.functional.JobSeekerAuthTest" name="navigateToCreateAccountTest" time="46.944"/>
  <testcase classname="com.imejob.tests.functional.JobSeekerAuthTest" name="createAccountTest" time="55.312"/>
</testsuite> <!-- com.imejob.tests.functional.JobSeekerAuthTest -->
