<?xml version="1.0" encoding="UTF-8"?>
<!-- Generated by org.testng.reporters.JUnitReportReporter -->
<testsuite hostname="Sumair" failures="0" tests="6" name="com.imejob.tests.functional.HomePageJobCardsTest" time="43.666" errors="0" timestamp="2025-09-12T18:36:35 IST" skipped="0">
  <testcase classname="com.imejob.tests.functional.HomePageJobCardsTest" name="verifyDefaultJobCardsCount" time="10.203"/>
  <testcase classname="com.imejob.tests.functional.HomePageJobCardsTest" name="verifyDefaultJobCardTextIsNotEmpty" time="4.755"/>
  <testcase classname="com.imejob.tests.functional.HomePageJobCardsTest" name="testClickFirstCard" time="6.808"/>
  <testcase classname="com.imejob.tests.functional.HomePageJobCardsTest" name="testClickLastCard" time="5.396"/>
  <testcase classname="com.imejob.tests.functional.HomePageJobCardsTest" name="verifyFirstAndLastJobCardContainsRequiredFields" time="5.738"/>
  <testcase classname="com.imejob.tests.functional.HomePageJobCardsTest" name="testLoginButtonRedirectsToLoginPage" time="10.766"/>
</testsuite> <!-- com.imejob.tests.functional.HomePageJobCardsTest -->
