<?xml version="1.0" encoding="UTF-8"?>
<!-- Generated by org.testng.reporters.JUnitReportReporter -->
<testsuite hostname="Sumair" failures="0" tests="2" name="com.imejob.tests.functional.BookDemoTest" time="6.351" errors="0" timestamp="2025-10-21T14:23:36 IST" skipped="0">
  <testcase classname="com.imejob.tests.functional.BookDemoTest" name="fillContactFormTest" time="4.203"/>
  <testcase classname="com.imejob.tests.functional.BookDemoTest" name="clickBookDemoButtonTest" time="2.148"/>
</testsuite> <!-- com.imejob.tests.functional.BookDemoTest -->
