<?xml version="1.0" encoding="UTF-8"?>
<!-- Generated by org.testng.reporters.JUnitReportReporter -->
<testsuite hostname="Sumair" failures="0" tests="9" name="com.imejob.tests.navigation.HeaderNavigationTest2" time="36.109" errors="0" timestamp="2025-09-05T17:24:28 IST" skipped="0">
  <testcase classname="com.imejob.tests.navigation.HeaderNavigationTest2" name="verifyHeaderNavigation" time="2.330"/>
  <testcase classname="com.imejob.tests.navigation.HeaderNavigationTest2" name="verifyHeaderNavigation" time="4.855"/>
  <testcase classname="com.imejob.tests.navigation.HeaderNavigationTest2" name="verifyHeaderNavigation" time="3.938"/>
  <testcase classname="com.imejob.tests.navigation.HeaderNavigationTest2" name="verifyHeaderNavigation" time="5.724"/>
  <testcase classname="com.imejob.tests.navigation.HeaderNavigationTest2" name="verifyHeaderNavigation" time="3.139"/>
  <testcase classname="com.imejob.tests.navigation.HeaderNavigationTest2" name="verifyHeaderNavigation" time="5.793"/>
  <testcase classname="com.imejob.tests.navigation.HeaderNavigationTest2" name="verifyHeaderNavigation" time="3.161"/>
  <testcase classname="com.imejob.tests.navigation.HeaderNavigationTest2" name="verifyHeaderNavigation" time="3.334"/>
  <testcase classname="com.imejob.tests.navigation.HeaderNavigationTest2" name="verifyHeaderNavigation" time="3.835"/>
</testsuite> <!-- com.imejob.tests.navigation.HeaderNavigationTest2 -->
