<?xml version="1.0" encoding="UTF-8"?>
<!-- Generated by org.testng.reporters.JUnitReportReporter -->
<testsuite hostname="Sumair" failures="0" tests="2" name="com.imejob.tests.functional.BookDemoTest" time="9.072" errors="0" timestamp="2025-09-26T18:04:36 IST" skipped="0">
  <testcase classname="com.imejob.tests.functional.BookDemoTest" name="clickBookDemoButtonTest" time="3.613"/>
  <testcase classname="com.imejob.tests.functional.BookDemoTest" name="fillContactFormTest" time="5.459"/>
</testsuite> <!-- com.imejob.tests.functional.BookDemoTest -->
