<?xml version="1.0" encoding="UTF-8"?>
<!-- Generated by org.testng.reporters.JUnitReportReporter -->
<testsuite hostname="Sumair" failures="0" tests="9" name="com.imejob.tests.navigation.HeaderNavigationTest" time="24.093" errors="0" timestamp="2025-10-21T14:23:36 IST" skipped="0">
  <testcase classname="com.imejob.tests.navigation.HeaderNavigationTest" name="brandLogo" time="2.390"/>
  <testcase classname="com.imejob.tests.navigation.HeaderNavigationTest" name="jobSearch" time="4.160"/>
  <testcase classname="com.imejob.tests.navigation.HeaderNavigationTest" name="aboutUs" time="2.270"/>
  <testcase classname="com.imejob.tests.navigation.HeaderNavigationTest" name="contactUs" time="2.900"/>
  <testcase classname="com.imejob.tests.navigation.HeaderNavigationTest" name="joinCommunity" time="3.080"/>
  <testcase classname="com.imejob.tests.navigation.HeaderNavigationTest" name="blogs" time="3.777"/>
  <testcase classname="com.imejob.tests.navigation.HeaderNavigationTest" name="pricing" time="1.220"/>
  <testcase classname="com.imejob.tests.navigation.HeaderNavigationTest" name="jobSeeker" time="2.527"/>
  <testcase classname="com.imejob.tests.navigation.HeaderNavigationTest" name="employer" time="1.769"/>
</testsuite> <!-- com.imejob.tests.navigation.HeaderNavigationTest -->
