<?xml version="1.0" encoding="UTF-8"?>
<!-- Generated by org.testng.reporters.JUnitReportReporter -->
<testsuite hostname="Sumair" failures="1" tests="8" name="com.imejob.tests.functional.SearchTest" time="53.442" errors="0" timestamp="2025-10-21T14:23:36 IST" skipped="0">
  <testcase classname="com.imejob.tests.functional.SearchTest" name="verifyJobsBySkillAndLocation" time="3.161"/>
  <testcase classname="com.imejob.tests.functional.SearchTest" name="verifyJobsBySkillOnly" time="3.302"/>
  <testcase classname="com.imejob.tests.functional.SearchTest" name="verifySearchByLocationWithoutSkillShowsValidationMessage" time="2.396"/>
  <testcase classname="com.imejob.tests.functional.SearchTest" name="verifyEmptySearchShowsValidationMessage" time="2.254"/>
  <testcase classname="com.imejob.tests.functional.SearchTest" name="verifyMultipleSkillsSearch" time="3.283"/>
  <testcase classname="com.imejob.tests.functional.SearchTest" name="verifyInvalidSkillAndLocationShowsNoJobs" time="32.964">
    <failure message="Invalid skill and location should show &#039;No jobs found&#039; expected [No jobs found] but found [&#039;No jobs found&#039; message not displayed]" type="java.lang.AssertionError">
      <![CDATA[java.lang.AssertionError: Invalid skill and location should show 'No jobs found' expected [No jobs found] but found ['No jobs found' message not displayed]
at org.testng.Assert.fail(Assert.java:111)
at org.testng.Assert.failNotEquals(Assert.java:1590)
at org.testng.Assert.assertEqualsImpl(Assert.java:150)
at org.testng.Assert.assertEquals(Assert.java:132)
at org.testng.Assert.assertEquals(Assert.java:656)
at com.imejob.tests.functional.SearchTest.verifyInvalidSkillAndLocationShowsNoJobs(SearchTest.java:141)
at java.base/jdk.internal.reflect.DirectMethodHandleAccessor.invoke(DirectMethodHandleAccessor.java:103)
at java.base/java.lang.reflect.Method.invoke(Method.java:580)
at org.testng.internal.invokers.MethodInvocationHelper.invokeMethod(MethodInvocationHelper.java:141)
at org.testng.internal.invokers.TestInvoker.invokeMethod(TestInvoker.java:687)
at org.testng.internal.invokers.TestInvoker.invokeTestMethod(TestInvoker.java:230)
at org.testng.internal.invokers.MethodRunner.runInSequence(MethodRunner.java:63)
at org.testng.internal.invokers.TestInvoker$MethodInvocationAgent.invoke(TestInvoker.java:995)
at org.testng.internal.invokers.TestInvoker.invokeTestMethods(TestInvoker.java:203)
at org.testng.internal.invokers.TestMethodWorker.invokeTestMethods(TestMethodWorker.java:154)
at org.testng.internal.invokers.TestMethodWorker.run(TestMethodWorker.java:134)
at java.base/java.util.ArrayList.forEach(ArrayList.java:1596)
at org.testng.TestRunner.privateRun(TestRunner.java:741)
at org.testng.TestRunner.run(TestRunner.java:616)
at org.testng.SuiteRunner.runTest(SuiteRunner.java:421)
at org.testng.SuiteRunner.runSequentially(SuiteRunner.java:413)
at org.testng.SuiteRunner.privateRun(SuiteRunner.java:373)
at org.testng.SuiteRunner.run(SuiteRunner.java:312)
at org.testng.SuiteRunnerWorker.runSuite(SuiteRunnerWorker.java:52)
at org.testng.SuiteRunnerWorker.run(SuiteRunnerWorker.java:95)
at org.testng.TestNG.runSuitesSequentially(TestNG.java:1274)
at org.testng.TestNG.runSuitesLocally(TestNG.java:1208)
at org.testng.TestNG.runSuites(TestNG.java:1112)
at org.testng.TestNG.run(TestNG.java:1079)
at org.testng.remote.AbstractRemoteTestNG.run(AbstractRemoteTestNG.java:115)
at org.testng.remote.RemoteTestNG.initAndRun(RemoteTestNG.java:293)
at org.testng.remote.RemoteTestNG.main(RemoteTestNG.java:91)
]]>
    </failure>
  </testcase> <!-- verifyInvalidSkillAndLocationShowsNoJobs -->
  <testcase classname="com.imejob.tests.functional.SearchTest" name="verifyCaseInsensitiveSearch" time="3.108"/>
  <testcase classname="com.imejob.tests.functional.SearchTest" name="verifySearchWithSpecialCharactersAndWhitespace" time="2.974"/>
</testsuite> <!-- com.imejob.tests.functional.SearchTest -->
