<?xml version="1.0" encoding="UTF-8"?>
<!-- Generated by org.testng.reporters.JUnitReportReporter -->
<testsuite hostname="Sumair" failures="0" tests="4" name="com.imejob.tests.functional.EmployerAuthTest" time="13.345" errors="0" timestamp="2025-10-21T14:23:36 IST" skipped="0">
  <testcase classname="com.imejob.tests.functional.EmployerAuthTest" name="verifyNavigateToCreateAccount" time="3.132"/>
  <testcase classname="com.imejob.tests.functional.EmployerAuthTest" name="verifyNavigateToSignIn" time="3.781"/>
  <testcase classname="com.imejob.tests.functional.EmployerAuthTest" name="verifyNavigateToForgotPassword" time="2.738"/>
  <testcase classname="com.imejob.tests.functional.EmployerAuthTest" name="verifyNavigateToLogin" time="3.694"/>
</testsuite> <!-- com.imejob.tests.functional.EmployerAuthTest -->
