<?xml version="1.0" encoding="UTF-8"?>
<!-- Generated by org.testng.reporters.JUnitReportReporter -->
<testsuite hostname="Sumair" failures="0" tests="1" name="com.imejob.tests.navigation.HomePageNavigationTest" time="9.997" errors="0" timestamp="2025-09-15T13:59:05 IST" skipped="0">
  <testcase classname="com.imejob.tests.navigation.HomePageNavigationTest" name="clickWhatsAppIconTest" time="9.997"/>
</testsuite> <!-- com.imejob.tests.navigation.HomePageNavigationTest -->
