<?xml version="1.0" encoding="UTF-8"?>
<!-- Generated by org.testng.reporters.JUnitReportReporter -->
<testsuite hostname="Sumair" failures="0" tests="1" name="com.imejob.tests.HeaderNavigationTest" time="4.033" errors="0" timestamp="2025-09-05T00:29:25 IST" skipped="0">
  <testcase classname="com.imejob.tests.HeaderNavigationTest" name="jobSearch" time="4.033"/>
</testsuite> <!-- com.imejob.tests.HeaderNavigationTest -->
