<?xml version="1.0" encoding="UTF-8"?>
<!-- Generated by org.testng.reporters.JUnitReportReporter -->
<testsuite hostname="Sumair" failures="0" tests="1" name="com.imejob.tests.functional.SearchTest" time="4.619" errors="0" timestamp="2025-09-11T12:05:40 IST" skipped="0">
  <testcase classname="com.imejob.tests.functional.SearchTest" name="verifyMultipleSkillsSearch" time="4.619"/>
</testsuite> <!-- com.imejob.tests.functional.SearchTest -->
