<?xml version="1.0" encoding="UTF-8"?>
<!-- Generated by org.testng.reporters.JUnitReportReporter -->
<testsuite hostname="Sumair" failures="0" tests="7" name="com.imejob.tests.functional.HomePageJobCardsTest" time="18.565" errors="0" timestamp="2025-10-21T14:23:36 IST" skipped="0">
  <testcase classname="com.imejob.tests.functional.HomePageJobCardsTest" name="verifyDefaultJobCardsCount" time="2.036"/>
  <testcase classname="com.imejob.tests.functional.HomePageJobCardsTest" name="verifyDefaultJobCardTextIsNotEmpty" time="2.470"/>
  <testcase classname="com.imejob.tests.functional.HomePageJobCardsTest" name="testClickFirstCard" time="2.828"/>
  <testcase classname="com.imejob.tests.functional.HomePageJobCardsTest" name="testClickLastCard" time="2.265"/>
  <testcase classname="com.imejob.tests.functional.HomePageJobCardsTest" name="verifyFirstAndLastJobCardContainsRequiredFields" time="1.679"/>
  <testcase classname="com.imejob.tests.functional.HomePageJobCardsTest" name="testLoginButtonRedirectsToLoginPage" time="3.001"/>
  <testcase classname="com.imejob.tests.functional.HomePageJobCardsTest" name="applyJob" time="4.286"/>
</testsuite> <!-- com.imejob.tests.functional.HomePageJobCardsTest -->
