<?xml version="1.0" encoding="UTF-8"?>
<!-- Generated by org.testng.reporters.JUnitReportReporter -->
<testsuite hostname="Sumair" failures="0" tests="9" name="com.imejob.tests.navigation.HeaderNavigationTest" time="50.907" errors="0" timestamp="2025-09-06T22:54:23 IST" skipped="0">
  <testcase classname="com.imejob.tests.navigation.HeaderNavigationTest" name="brandLogo" time="8.178"/>
  <testcase classname="com.imejob.tests.navigation.HeaderNavigationTest" name="jobSearch" time="9.553"/>
  <testcase classname="com.imejob.tests.navigation.HeaderNavigationTest" name="aboutUs" time="1.824"/>
  <testcase classname="com.imejob.tests.navigation.HeaderNavigationTest" name="contactUs" time="4.231"/>
  <testcase classname="com.imejob.tests.navigation.HeaderNavigationTest" name="joinCommunity" time="6.775"/>
  <testcase classname="com.imejob.tests.navigation.HeaderNavigationTest" name="blogs" time="9.035"/>
  <testcase classname="com.imejob.tests.navigation.HeaderNavigationTest" name="pricing" time="4.538"/>
  <testcase classname="com.imejob.tests.navigation.HeaderNavigationTest" name="jobSeeker" time="4.383"/>
  <testcase classname="com.imejob.tests.navigation.HeaderNavigationTest" name="employer" time="2.390"/>
</testsuite> <!-- com.imejob.tests.navigation.HeaderNavigationTest -->
