<?xml version="1.0" encoding="UTF-8"?>
<!-- Generated by org.testng.reporters.JUnitReportReporter -->
<testsuite hostname="Sumair" failures="0" tests="3" name="com.imejob.tests.functional.JobSeekerSignInTest" time="32.815" errors="0" timestamp="2025-09-15T13:53:42 IST" skipped="0">
  <testcase classname="com.imejob.tests.functional.JobSeekerSignInTest" name="signInTest" time="12.361"/>
  <testcase classname="com.imejob.tests.functional.JobSeekerSignInTest" name="forgetPassNavigationTest" time="9.969"/>
  <testcase classname="com.imejob.tests.functional.JobSeekerSignInTest" name="loginNavigationTest" time="10.485"/>
</testsuite> <!-- com.imejob.tests.functional.JobSeekerSignInTest -->
