<?xml version="1.0" encoding="UTF-8"?>
<!-- Generated by org.testng.reporters.JUnitReportReporter -->
<testsuite hostname="Sumair" failures="0" tests="24" name="com.imejob.tests.navigation.FooterNavigationTest" time="422.406" errors="4" timestamp="2025-09-15T13:53:42 IST" skipped="0">
  <testcase classname="com.imejob.tests.navigation.FooterNavigationTest" name="testFresherTestingQAJobsLink" time="3.349"/>
  <testcase classname="com.imejob.tests.navigation.FooterNavigationTest" name="testFresherJavaJobsLink" time="7.304"/>
  <testcase classname="com.imejob.tests.navigation.FooterNavigationTest" name="testFresherDataAnalystJobsLink" time="54.842"/>
  <testcase classname="com.imejob.tests.navigation.FooterNavigationTest" name="testHireBestDevelopersLink" time="7.683"/>
  <testcase classname="com.imejob.tests.navigation.FooterNavigationTest" name="testPricingLink" time="8.244"/>
  <testcase classname="com.imejob.tests.navigation.FooterNavigationTest" name="testLinkedinLink" time="11.764"/>
  <testcase classname="com.imejob.tests.navigation.FooterNavigationTest" name="testHiringServicesLink" time="9.666"/>
  <testcase classname="com.imejob.tests.navigation.FooterNavigationTest" name="testAboutUsLink" time="100.852"/>
  <testcase classname="com.imejob.tests.navigation.FooterNavigationTest" name="testImeJobCVAnalysisLink" time="10.456"/>
  <testcase classname="com.imejob.tests.navigation.FooterNavigationTest" name="testBookDemoLink" time="13.378"/>
  <testcase classname="com.imejob.tests.navigation.FooterNavigationTest" name="testTermsAndConditionLink" time="2.902"/>
  <testcase classname="com.imejob.tests.navigation.FooterNavigationTest" name="testHireSoftwareDevelopersLink" time="7.516">
    <error message="No new window found to switch!" type="java.lang.RuntimeException">
      <![CDATA[java.lang.RuntimeException: No new window found to switch!
at utility.WindowUtils.switchToNewWindow(WindowUtils.java:20)
at com.imejob.dataprovider.TestUtils.verifyFooterLink(TestUtils.java:30)
at com.imejob.tests.navigation.FooterNavigationTest.testHireSoftwareDevelopersLink(FooterNavigationTest.java:120)
at java.base/jdk.internal.reflect.DirectMethodHandleAccessor.invoke(DirectMethodHandleAccessor.java:103)
at java.base/java.lang.reflect.Method.invoke(Method.java:580)
at org.testng.internal.invokers.MethodInvocationHelper.invokeMethod(MethodInvocationHelper.java:141)
at org.testng.internal.invokers.TestInvoker.invokeMethod(TestInvoker.java:687)
at org.testng.internal.invokers.TestInvoker.invokeTestMethod(TestInvoker.java:230)
at org.testng.internal.invokers.MethodRunner.runInSequence(MethodRunner.java:63)
at org.testng.internal.invokers.TestInvoker$MethodInvocationAgent.invoke(TestInvoker.java:995)
at org.testng.internal.invokers.TestInvoker.invokeTestMethods(TestInvoker.java:203)
at org.testng.internal.invokers.TestMethodWorker.invokeTestMethods(TestMethodWorker.java:154)
at org.testng.internal.invokers.TestMethodWorker.run(TestMethodWorker.java:134)
at java.base/java.util.ArrayList.forEach(ArrayList.java:1597)
at org.testng.TestRunner.privateRun(TestRunner.java:741)
at org.testng.TestRunner.run(TestRunner.java:616)
at org.testng.SuiteRunner.runTest(SuiteRunner.java:421)
at org.testng.SuiteRunner.runSequentially(SuiteRunner.java:413)
at org.testng.SuiteRunner.privateRun(SuiteRunner.java:373)
at org.testng.SuiteRunner.run(SuiteRunner.java:312)
at org.testng.SuiteRunnerWorker.runSuite(SuiteRunnerWorker.java:52)
at org.testng.SuiteRunnerWorker.run(SuiteRunnerWorker.java:95)
at org.testng.TestNG.runSuitesSequentially(TestNG.java:1274)
at org.testng.TestNG.runSuitesLocally(TestNG.java:1208)
at org.testng.TestNG.runSuites(TestNG.java:1112)
at org.testng.TestNG.run(TestNG.java:1079)
at org.testng.remote.AbstractRemoteTestNG.run(AbstractRemoteTestNG.java:115)
at org.testng.remote.RemoteTestNG.initAndRun(RemoteTestNG.java:293)
at org.testng.remote.RemoteTestNG.main(RemoteTestNG.java:91)
]]>
    </error>
  </testcase> <!-- testHireSoftwareDevelopersLink -->
  <testcase classname="com.imejob.tests.navigation.FooterNavigationTest" name="testJobPostingPortalsLink" time="90.004">
    <error message="No new window found to switch!" type="java.lang.RuntimeException">
      <![CDATA[java.lang.RuntimeException: No new window found to switch!
at utility.WindowUtils.switchToNewWindow(WindowUtils.java:20)
at com.imejob.dataprovider.TestUtils.verifyFooterLink(TestUtils.java:30)
at com.imejob.tests.navigation.FooterNavigationTest.testJobPostingPortalsLink(FooterNavigationTest.java:127)
at java.base/jdk.internal.reflect.DirectMethodHandleAccessor.invoke(DirectMethodHandleAccessor.java:103)
at java.base/java.lang.reflect.Method.invoke(Method.java:580)
at org.testng.internal.invokers.MethodInvocationHelper.invokeMethod(MethodInvocationHelper.java:141)
at org.testng.internal.invokers.TestInvoker.invokeMethod(TestInvoker.java:687)
at org.testng.internal.invokers.TestInvoker.invokeTestMethod(TestInvoker.java:230)
at org.testng.internal.invokers.MethodRunner.runInSequence(MethodRunner.java:63)
at org.testng.internal.invokers.TestInvoker$MethodInvocationAgent.invoke(TestInvoker.java:995)
at org.testng.internal.invokers.TestInvoker.invokeTestMethods(TestInvoker.java:203)
at org.testng.internal.invokers.TestMethodWorker.invokeTestMethods(TestMethodWorker.java:154)
at org.testng.internal.invokers.TestMethodWorker.run(TestMethodWorker.java:134)
at java.base/java.util.ArrayList.forEach(ArrayList.java:1597)
at org.testng.TestRunner.privateRun(TestRunner.java:741)
at org.testng.TestRunner.run(TestRunner.java:616)
at org.testng.SuiteRunner.runTest(SuiteRunner.java:421)
at org.testng.SuiteRunner.runSequentially(SuiteRunner.java:413)
at org.testng.SuiteRunner.privateRun(SuiteRunner.java:373)
at org.testng.SuiteRunner.run(SuiteRunner.java:312)
at org.testng.SuiteRunnerWorker.runSuite(SuiteRunnerWorker.java:52)
at org.testng.SuiteRunnerWorker.run(SuiteRunnerWorker.java:95)
at org.testng.TestNG.runSuitesSequentially(TestNG.java:1274)
at org.testng.TestNG.runSuitesLocally(TestNG.java:1208)
at org.testng.TestNG.runSuites(TestNG.java:1112)
at org.testng.TestNG.run(TestNG.java:1079)
at org.testng.remote.AbstractRemoteTestNG.run(AbstractRemoteTestNG.java:115)
at org.testng.remote.RemoteTestNG.initAndRun(RemoteTestNG.java:293)
at org.testng.remote.RemoteTestNG.main(RemoteTestNG.java:91)
]]>
    </error>
  </testcase> <!-- testJobPostingPortalsLink -->
  <testcase classname="com.imejob.tests.navigation.FooterNavigationTest" name="testRecruitFromSocialMediaLink" time="8.377"/>
  <testcase classname="com.imejob.tests.navigation.FooterNavigationTest" name="testBestITJobPortalLink" time="8.579"/>
  <testcase classname="com.imejob.tests.navigation.FooterNavigationTest" name="testPythonJobsMumbaiLink" time="7.484"/>
  <testcase classname="com.imejob.tests.navigation.FooterNavigationTest" name="testFresherJobsLink" time="8.673"/>
  <testcase classname="com.imejob.tests.navigation.FooterNavigationTest" name="testReactJsJobsBangaloreLink" time="9.596">
    <error message="No new window found to switch!" type="java.lang.RuntimeException">
      <![CDATA[java.lang.RuntimeException: No new window found to switch!
at utility.WindowUtils.switchToNewWindow(WindowUtils.java:20)
at com.imejob.dataprovider.TestUtils.verifyFooterLink(TestUtils.java:30)
at com.imejob.tests.navigation.FooterNavigationTest.testReactJsJobsBangaloreLink(FooterNavigationTest.java:162)
at java.base/jdk.internal.reflect.DirectMethodHandleAccessor.invoke(DirectMethodHandleAccessor.java:103)
at java.base/java.lang.reflect.Method.invoke(Method.java:580)
at org.testng.internal.invokers.MethodInvocationHelper.invokeMethod(MethodInvocationHelper.java:141)
at org.testng.internal.invokers.TestInvoker.invokeMethod(TestInvoker.java:687)
at org.testng.internal.invokers.TestInvoker.invokeTestMethod(TestInvoker.java:230)
at org.testng.internal.invokers.MethodRunner.runInSequence(MethodRunner.java:63)
at org.testng.internal.invokers.TestInvoker$MethodInvocationAgent.invoke(TestInvoker.java:995)
at org.testng.internal.invokers.TestInvoker.invokeTestMethods(TestInvoker.java:203)
at org.testng.internal.invokers.TestMethodWorker.invokeTestMethods(TestMethodWorker.java:154)
at org.testng.internal.invokers.TestMethodWorker.run(TestMethodWorker.java:134)
at java.base/java.util.ArrayList.forEach(ArrayList.java:1597)
at org.testng.TestRunner.privateRun(TestRunner.java:741)
at org.testng.TestRunner.run(TestRunner.java:616)
at org.testng.SuiteRunner.runTest(SuiteRunner.java:421)
at org.testng.SuiteRunner.runSequentially(SuiteRunner.java:413)
at org.testng.SuiteRunner.privateRun(SuiteRunner.java:373)
at org.testng.SuiteRunner.run(SuiteRunner.java:312)
at org.testng.SuiteRunnerWorker.runSuite(SuiteRunnerWorker.java:52)
at org.testng.SuiteRunnerWorker.run(SuiteRunnerWorker.java:95)
at org.testng.TestNG.runSuitesSequentially(TestNG.java:1274)
at org.testng.TestNG.runSuitesLocally(TestNG.java:1208)
at org.testng.TestNG.runSuites(TestNG.java:1112)
at org.testng.TestNG.run(TestNG.java:1079)
at org.testng.remote.AbstractRemoteTestNG.run(AbstractRemoteTestNG.java:115)
at org.testng.remote.RemoteTestNG.initAndRun(RemoteTestNG.java:293)
at org.testng.remote.RemoteTestNG.main(RemoteTestNG.java:91)
]]>
    </error>
  </testcase> <!-- testReactJsJobsBangaloreLink -->
  <testcase classname="com.imejob.tests.navigation.FooterNavigationTest" name="testPythonJobsBangaloreLink" time="7.548">
    <error message="No new window found to switch!" type="java.lang.RuntimeException">
      <![CDATA[java.lang.RuntimeException: No new window found to switch!
at utility.WindowUtils.switchToNewWindow(WindowUtils.java:20)
at com.imejob.dataprovider.TestUtils.verifyFooterLink(TestUtils.java:30)
at com.imejob.tests.navigation.FooterNavigationTest.testPythonJobsBangaloreLink(FooterNavigationTest.java:169)
at java.base/jdk.internal.reflect.DirectMethodHandleAccessor.invoke(DirectMethodHandleAccessor.java:103)
at java.base/java.lang.reflect.Method.invoke(Method.java:580)
at org.testng.internal.invokers.MethodInvocationHelper.invokeMethod(MethodInvocationHelper.java:141)
at org.testng.internal.invokers.TestInvoker.invokeMethod(TestInvoker.java:687)
at org.testng.internal.invokers.TestInvoker.invokeTestMethod(TestInvoker.java:230)
at org.testng.internal.invokers.MethodRunner.runInSequence(MethodRunner.java:63)
at org.testng.internal.invokers.TestInvoker$MethodInvocationAgent.invoke(TestInvoker.java:995)
at org.testng.internal.invokers.TestInvoker.invokeTestMethods(TestInvoker.java:203)
at org.testng.internal.invokers.TestMethodWorker.invokeTestMethods(TestMethodWorker.java:154)
at org.testng.internal.invokers.TestMethodWorker.run(TestMethodWorker.java:134)
at java.base/java.util.ArrayList.forEach(ArrayList.java:1597)
at org.testng.TestRunner.privateRun(TestRunner.java:741)
at org.testng.TestRunner.run(TestRunner.java:616)
at org.testng.SuiteRunner.runTest(SuiteRunner.java:421)
at org.testng.SuiteRunner.runSequentially(SuiteRunner.java:413)
at org.testng.SuiteRunner.privateRun(SuiteRunner.java:373)
at org.testng.SuiteRunner.run(SuiteRunner.java:312)
at org.testng.SuiteRunnerWorker.runSuite(SuiteRunnerWorker.java:52)
at org.testng.SuiteRunnerWorker.run(SuiteRunnerWorker.java:95)
at org.testng.TestNG.runSuitesSequentially(TestNG.java:1274)
at org.testng.TestNG.runSuitesLocally(TestNG.java:1208)
at org.testng.TestNG.runSuites(TestNG.java:1112)
at org.testng.TestNG.run(TestNG.java:1079)
at org.testng.remote.AbstractRemoteTestNG.run(AbstractRemoteTestNG.java:115)
at org.testng.remote.RemoteTestNG.initAndRun(RemoteTestNG.java:293)
at org.testng.remote.RemoteTestNG.main(RemoteTestNG.java:91)
]]>
    </error>
  </testcase> <!-- testPythonJobsBangaloreLink -->
  <testcase classname="com.imejob.tests.navigation.FooterNavigationTest" name="testJavaJobsBangaloreLink" time="7.998"/>
  <testcase classname="com.imejob.tests.navigation.FooterNavigationTest" name="testAboutLink" time="12.666"/>
  <testcase classname="com.imejob.tests.navigation.FooterNavigationTest" name="testSitemapLink" time="11.231"/>
  <testcase classname="com.imejob.tests.navigation.FooterNavigationTest" name="testContactLink" time="5.679"/>
  <testcase classname="com.imejob.tests.navigation.FooterNavigationTest" name="testTermsLink" time="6.615"/>
</testsuite> <!-- com.imejob.tests.navigation.FooterNavigationTest -->
