<?xml version="1.0" encoding="UTF-8"?>
<!-- Generated by org.testng.reporters.JUnitReportReporter -->
<testsuite hostname="Sumair" failures="0" tests="2" name="com.imejob.tests.functional.JobSeekerAuthTest" time="8.598" errors="0" timestamp="2025-10-21T14:23:36 IST" skipped="0">
  <testcase classname="com.imejob.tests.functional.JobSeekerAuthTest" name="navigateToCreateAccountTest" time="2.420"/>
  <testcase classname="com.imejob.tests.functional.JobSeekerAuthTest" name="createAccountTest" time="6.178"/>
</testsuite> <!-- com.imejob.tests.functional.JobSeekerAuthTest -->
