<?xml version="1.0" encoding="UTF-8"?>
<!-- Generated by org.testng.reporters.JUnitReportReporter -->
<testsuite hostname="Sumair" failures="0" tests="1" name="com.imejob.tests.functional.JobSeekerApplicationTest" time="7.973" errors="0" timestamp="2025-09-29T16:28:17 IST" skipped="0">
  <testcase classname="com.imejob.tests.functional.JobSeekerApplicationTest" name="clickViewORChat" time="7.973"/>
</testsuite> <!-- com.imejob.tests.functional.JobSeekerApplicationTest -->
