<?xml version="1.0" encoding="UTF-8"?>
<!-- Generated by org.testng.reporters.JUnitReportReporter -->
<testsuite hostname="Sumair" failures="0" tests="1" name="com.imejob.tests.functional.JobSeekerAuthTest" time="3.365" errors="0" timestamp="2025-09-05T22:31:34 IST" skipped="0">
  <testcase classname="com.imejob.tests.functional.JobSeekerAuthTest" name="navigateToCreateAccountTest" time="3.365"/>
</testsuite> <!-- com.imejob.tests.functional.JobSeekerAuthTest -->
