<?xml version="1.0" encoding="UTF-8"?>
<!-- Generated by org.testng.reporters.JUnitReportReporter -->
<testsuite hostname="Sumair" failures="0" tests="2" name="com.imejob.tests.functional.BookDemoTest" time="148.202" errors="0" timestamp="2025-09-28T19:26:30 IST" skipped="0">
  <testcase classname="com.imejob.tests.functional.BookDemoTest" name="clickBookDemoButtonTest" time="132.024"/>
  <testcase classname="com.imejob.tests.functional.BookDemoTest" name="fillContactFormTest" time="16.178"/>
</testsuite> <!-- com.imejob.tests.functional.BookDemoTest -->
