<?xml version="1.0" encoding="UTF-8"?>
<!-- Generated by org.testng.reporters.JUnitReportReporter -->
<testsuite hostname="Sumair" failures="0" tests="24" name="com.imejob.tests.navigation.FooterTest" time="126.735" errors="4" timestamp="2025-09-15T11:52:20 IST" skipped="0">
  <testcase classname="com.imejob.tests.navigation.FooterTest" name="testFresherTestingQAJobsLink" time="3.461"/>
  <testcase classname="com.imejob.tests.navigation.FooterTest" name="testFresherJavaJobsLink" time="3.142"/>
  <testcase classname="com.imejob.tests.navigation.FooterTest" name="testFresherDataAnalystJobsLink" time="5.665"/>
  <testcase classname="com.imejob.tests.navigation.FooterTest" name="testHireBestDevelopersLink" time="8.177"/>
  <testcase classname="com.imejob.tests.navigation.FooterTest" name="testPricingLink" time="4.859"/>
  <testcase classname="com.imejob.tests.navigation.FooterTest" name="testLinkedinLink" time="6.048"/>
  <testcase classname="com.imejob.tests.navigation.FooterTest" name="testHiringServicesLink" time="5.107"/>
  <testcase classname="com.imejob.tests.navigation.FooterTest" name="testAboutUsLink" time="5.444"/>
  <testcase classname="com.imejob.tests.navigation.FooterTest" name="testImeJobCVAnalysisLink" time="5.581"/>
  <testcase classname="com.imejob.tests.navigation.FooterTest" name="testBookDemoLink" time="9.652"/>
  <testcase classname="com.imejob.tests.navigation.FooterTest" name="testTermsAndConditionLink" time="5.291"/>
  <testcase classname="com.imejob.tests.navigation.FooterTest" name="testHireSoftwareDevelopersLink" time="4.555">
    <error message="No new window found to switch!" type="java.lang.RuntimeException">
      <![CDATA[java.lang.RuntimeException: No new window found to switch!
at utility.WindowUtils.switchToNewWindow(WindowUtils.java:20)
at com.imejob.dataprovider.TestUtils.verifyFooterLink(TestUtils.java:30)
at com.imejob.tests.navigation.FooterTest.testHireSoftwareDevelopersLink(FooterTest.java:120)
at java.base/jdk.internal.reflect.DirectMethodHandleAccessor.invoke(DirectMethodHandleAccessor.java:103)
at java.base/java.lang.reflect.Method.invoke(Method.java:580)
at org.testng.internal.invokers.MethodInvocationHelper.invokeMethod(MethodInvocationHelper.java:141)
at org.testng.internal.invokers.TestInvoker.invokeMethod(TestInvoker.java:687)
at org.testng.internal.invokers.TestInvoker.invokeTestMethod(TestInvoker.java:230)
at org.testng.internal.invokers.MethodRunner.runInSequence(MethodRunner.java:63)
at org.testng.internal.invokers.TestInvoker$MethodInvocationAgent.invoke(TestInvoker.java:995)
at org.testng.internal.invokers.TestInvoker.invokeTestMethods(TestInvoker.java:203)
at org.testng.internal.invokers.TestMethodWorker.invokeTestMethods(TestMethodWorker.java:154)
at org.testng.internal.invokers.TestMethodWorker.run(TestMethodWorker.java:134)
at java.base/java.util.ArrayList.forEach(ArrayList.java:1597)
at org.testng.TestRunner.privateRun(TestRunner.java:741)
at org.testng.TestRunner.run(TestRunner.java:616)
at org.testng.SuiteRunner.runTest(SuiteRunner.java:421)
at org.testng.SuiteRunner.runSequentially(SuiteRunner.java:413)
at org.testng.SuiteRunner.privateRun(SuiteRunner.java:373)
at org.testng.SuiteRunner.run(SuiteRunner.java:312)
at org.testng.SuiteRunnerWorker.runSuite(SuiteRunnerWorker.java:52)
at org.testng.SuiteRunnerWorker.run(SuiteRunnerWorker.java:95)
at org.testng.TestNG.runSuitesSequentially(TestNG.java:1274)
at org.testng.TestNG.runSuitesLocally(TestNG.java:1208)
at org.testng.TestNG.runSuites(TestNG.java:1112)
at org.testng.TestNG.run(TestNG.java:1079)
at org.testng.remote.AbstractRemoteTestNG.run(AbstractRemoteTestNG.java:115)
at org.testng.remote.RemoteTestNG.initAndRun(RemoteTestNG.java:293)
at org.testng.remote.RemoteTestNG.main(RemoteTestNG.java:91)
]]>
    </error>
  </testcase> <!-- testHireSoftwareDevelopersLink -->
  <testcase classname="com.imejob.tests.navigation.FooterTest" name="testJobPostingPortalsLink" time="4.777">
    <error message="No new window found to switch!" type="java.lang.RuntimeException">
      <![CDATA[java.lang.RuntimeException: No new window found to switch!
at utility.WindowUtils.switchToNewWindow(WindowUtils.java:20)
at com.imejob.dataprovider.TestUtils.verifyFooterLink(TestUtils.java:30)
at com.imejob.tests.navigation.FooterTest.testJobPostingPortalsLink(FooterTest.java:127)
at java.base/jdk.internal.reflect.DirectMethodHandleAccessor.invoke(DirectMethodHandleAccessor.java:103)
at java.base/java.lang.reflect.Method.invoke(Method.java:580)
at org.testng.internal.invokers.MethodInvocationHelper.invokeMethod(MethodInvocationHelper.java:141)
at org.testng.internal.invokers.TestInvoker.invokeMethod(TestInvoker.java:687)
at org.testng.internal.invokers.TestInvoker.invokeTestMethod(TestInvoker.java:230)
at org.testng.internal.invokers.MethodRunner.runInSequence(MethodRunner.java:63)
at org.testng.internal.invokers.TestInvoker$MethodInvocationAgent.invoke(TestInvoker.java:995)
at org.testng.internal.invokers.TestInvoker.invokeTestMethods(TestInvoker.java:203)
at org.testng.internal.invokers.TestMethodWorker.invokeTestMethods(TestMethodWorker.java:154)
at org.testng.internal.invokers.TestMethodWorker.run(TestMethodWorker.java:134)
at java.base/java.util.ArrayList.forEach(ArrayList.java:1597)
at org.testng.TestRunner.privateRun(TestRunner.java:741)
at org.testng.TestRunner.run(TestRunner.java:616)
at org.testng.SuiteRunner.runTest(SuiteRunner.java:421)
at org.testng.SuiteRunner.runSequentially(SuiteRunner.java:413)
at org.testng.SuiteRunner.privateRun(SuiteRunner.java:373)
at org.testng.SuiteRunner.run(SuiteRunner.java:312)
at org.testng.SuiteRunnerWorker.runSuite(SuiteRunnerWorker.java:52)
at org.testng.SuiteRunnerWorker.run(SuiteRunnerWorker.java:95)
at org.testng.TestNG.runSuitesSequentially(TestNG.java:1274)
at org.testng.TestNG.runSuitesLocally(TestNG.java:1208)
at org.testng.TestNG.runSuites(TestNG.java:1112)
at org.testng.TestNG.run(TestNG.java:1079)
at org.testng.remote.AbstractRemoteTestNG.run(AbstractRemoteTestNG.java:115)
at org.testng.remote.RemoteTestNG.initAndRun(RemoteTestNG.java:293)
at org.testng.remote.RemoteTestNG.main(RemoteTestNG.java:91)
]]>
    </error>
  </testcase> <!-- testJobPostingPortalsLink -->
  <testcase classname="com.imejob.tests.navigation.FooterTest" name="testRecruitFromSocialMediaLink" time="5.195"/>
  <testcase classname="com.imejob.tests.navigation.FooterTest" name="testBestITJobPortalLink" time="5.030"/>
  <testcase classname="com.imejob.tests.navigation.FooterTest" name="testPythonJobsMumbaiLink" time="5.793"/>
  <testcase classname="com.imejob.tests.navigation.FooterTest" name="testFresherJobsLink" time="7.197"/>
  <testcase classname="com.imejob.tests.navigation.FooterTest" name="testReactJsJobsBangaloreLink" time="4.218">
    <error message="No new window found to switch!" type="java.lang.RuntimeException">
      <![CDATA[java.lang.RuntimeException: No new window found to switch!
at utility.WindowUtils.switchToNewWindow(WindowUtils.java:20)
at com.imejob.dataprovider.TestUtils.verifyFooterLink(TestUtils.java:30)
at com.imejob.tests.navigation.FooterTest.testReactJsJobsBangaloreLink(FooterTest.java:162)
at java.base/jdk.internal.reflect.DirectMethodHandleAccessor.invoke(DirectMethodHandleAccessor.java:103)
at java.base/java.lang.reflect.Method.invoke(Method.java:580)
at org.testng.internal.invokers.MethodInvocationHelper.invokeMethod(MethodInvocationHelper.java:141)
at org.testng.internal.invokers.TestInvoker.invokeMethod(TestInvoker.java:687)
at org.testng.internal.invokers.TestInvoker.invokeTestMethod(TestInvoker.java:230)
at org.testng.internal.invokers.MethodRunner.runInSequence(MethodRunner.java:63)
at org.testng.internal.invokers.TestInvoker$MethodInvocationAgent.invoke(TestInvoker.java:995)
at org.testng.internal.invokers.TestInvoker.invokeTestMethods(TestInvoker.java:203)
at org.testng.internal.invokers.TestMethodWorker.invokeTestMethods(TestMethodWorker.java:154)
at org.testng.internal.invokers.TestMethodWorker.run(TestMethodWorker.java:134)
at java.base/java.util.ArrayList.forEach(ArrayList.java:1597)
at org.testng.TestRunner.privateRun(TestRunner.java:741)
at org.testng.TestRunner.run(TestRunner.java:616)
at org.testng.SuiteRunner.runTest(SuiteRunner.java:421)
at org.testng.SuiteRunner.runSequentially(SuiteRunner.java:413)
at org.testng.SuiteRunner.privateRun(SuiteRunner.java:373)
at org.testng.SuiteRunner.run(SuiteRunner.java:312)
at org.testng.SuiteRunnerWorker.runSuite(SuiteRunnerWorker.java:52)
at org.testng.SuiteRunnerWorker.run(SuiteRunnerWorker.java:95)
at org.testng.TestNG.runSuitesSequentially(TestNG.java:1274)
at org.testng.TestNG.runSuitesLocally(TestNG.java:1208)
at org.testng.TestNG.runSuites(TestNG.java:1112)
at org.testng.TestNG.run(TestNG.java:1079)
at org.testng.remote.AbstractRemoteTestNG.run(AbstractRemoteTestNG.java:115)
at org.testng.remote.RemoteTestNG.initAndRun(RemoteTestNG.java:293)
at org.testng.remote.RemoteTestNG.main(RemoteTestNG.java:91)
]]>
    </error>
  </testcase> <!-- testReactJsJobsBangaloreLink -->
  <testcase classname="com.imejob.tests.navigation.FooterTest" name="testPythonJobsBangaloreLink" time="4.335">
    <error message="No new window found to switch!" type="java.lang.RuntimeException">
      <![CDATA[java.lang.RuntimeException: No new window found to switch!
at utility.WindowUtils.switchToNewWindow(WindowUtils.java:20)
at com.imejob.dataprovider.TestUtils.verifyFooterLink(TestUtils.java:30)
at com.imejob.tests.navigation.FooterTest.testPythonJobsBangaloreLink(FooterTest.java:169)
at java.base/jdk.internal.reflect.DirectMethodHandleAccessor.invoke(DirectMethodHandleAccessor.java:103)
at java.base/java.lang.reflect.Method.invoke(Method.java:580)
at org.testng.internal.invokers.MethodInvocationHelper.invokeMethod(MethodInvocationHelper.java:141)
at org.testng.internal.invokers.TestInvoker.invokeMethod(TestInvoker.java:687)
at org.testng.internal.invokers.TestInvoker.invokeTestMethod(TestInvoker.java:230)
at org.testng.internal.invokers.MethodRunner.runInSequence(MethodRunner.java:63)
at org.testng.internal.invokers.TestInvoker$MethodInvocationAgent.invoke(TestInvoker.java:995)
at org.testng.internal.invokers.TestInvoker.invokeTestMethods(TestInvoker.java:203)
at org.testng.internal.invokers.TestMethodWorker.invokeTestMethods(TestMethodWorker.java:154)
at org.testng.internal.invokers.TestMethodWorker.run(TestMethodWorker.java:134)
at java.base/java.util.ArrayList.forEach(ArrayList.java:1597)
at org.testng.TestRunner.privateRun(TestRunner.java:741)
at org.testng.TestRunner.run(TestRunner.java:616)
at org.testng.SuiteRunner.runTest(SuiteRunner.java:421)
at org.testng.SuiteRunner.runSequentially(SuiteRunner.java:413)
at org.testng.SuiteRunner.privateRun(SuiteRunner.java:373)
at org.testng.SuiteRunner.run(SuiteRunner.java:312)
at org.testng.SuiteRunnerWorker.runSuite(SuiteRunnerWorker.java:52)
at org.testng.SuiteRunnerWorker.run(SuiteRunnerWorker.java:95)
at org.testng.TestNG.runSuitesSequentially(TestNG.java:1274)
at org.testng.TestNG.runSuitesLocally(TestNG.java:1208)
at org.testng.TestNG.runSuites(TestNG.java:1112)
at org.testng.TestNG.run(TestNG.java:1079)
at org.testng.remote.AbstractRemoteTestNG.run(AbstractRemoteTestNG.java:115)
at org.testng.remote.RemoteTestNG.initAndRun(RemoteTestNG.java:293)
at org.testng.remote.RemoteTestNG.main(RemoteTestNG.java:91)
]]>
    </error>
  </testcase> <!-- testPythonJobsBangaloreLink -->
  <testcase classname="com.imejob.tests.navigation.FooterTest" name="testJavaJobsBangaloreLink" time="6.110"/>
  <testcase classname="com.imejob.tests.navigation.FooterTest" name="testAboutLink" time="5.652"/>
  <testcase classname="com.imejob.tests.navigation.FooterTest" name="testSitemapLink" time="2.784"/>
  <testcase classname="com.imejob.tests.navigation.FooterTest" name="testContactLink" time="3.951"/>
  <testcase classname="com.imejob.tests.navigation.FooterTest" name="testTermsLink" time="4.711"/>
</testsuite> <!-- com.imejob.tests.navigation.FooterTest -->
