<?xml version="1.0" encoding="UTF-8"?>
<!-- Generated by org.testng.reporters.JUnitReportReporter -->
<testsuite hostname="Sumair" failures="0" tests="6" name="com.imejob.tests.functional.HomePageJobCardsTest" time="16.848" errors="0" timestamp="2025-09-11T20:47:12 IST" skipped="0">
  <testcase classname="com.imejob.tests.functional.HomePageJobCardsTest" name="verifyDefaultJobCardsCount" time="1.018"/>
  <testcase classname="com.imejob.tests.functional.HomePageJobCardsTest" name="verifyDefaultJobCardTextIsNotEmpty" time="2.296"/>
  <testcase classname="com.imejob.tests.functional.HomePageJobCardsTest" name="testClickFirstCard" time="3.223"/>
  <testcase classname="com.imejob.tests.functional.HomePageJobCardsTest" name="testClickLastCard" time="2.869"/>
  <testcase classname="com.imejob.tests.functional.HomePageJobCardsTest" name="verifyFirstAndLastJobCardContainsRequiredFields" time="2.877"/>
  <testcase classname="com.imejob.tests.functional.HomePageJobCardsTest" name="testLoginButtonRedirectsToLoginPage" time="4.565"/>
</testsuite> <!-- com.imejob.tests.functional.HomePageJobCardsTest -->
