<?xml version="1.0" encoding="UTF-8"?>
<!-- Generated by org.testng.reporters.JUnitReportReporter -->
<testsuite hostname="Sumair" failures="0" tests="9" name="com.imejob.tests.navigation.HeaderNavigationTest" time="66.073" errors="0" timestamp="2025-09-15T13:53:42 IST" skipped="0">
  <testcase classname="com.imejob.tests.navigation.HeaderNavigationTest" name="brandLogo" time="7.308"/>
  <testcase classname="com.imejob.tests.navigation.HeaderNavigationTest" name="jobSearch" time="5.914"/>
  <testcase classname="com.imejob.tests.navigation.HeaderNavigationTest" name="aboutUs" time="6.133"/>
  <testcase classname="com.imejob.tests.navigation.HeaderNavigationTest" name="contactUs" time="1.933"/>
  <testcase classname="com.imejob.tests.navigation.HeaderNavigationTest" name="joinCommunity" time="11.206"/>
  <testcase classname="com.imejob.tests.navigation.HeaderNavigationTest" name="blogs" time="6.392"/>
  <testcase classname="com.imejob.tests.navigation.HeaderNavigationTest" name="pricing" time="6.761"/>
  <testcase classname="com.imejob.tests.navigation.HeaderNavigationTest" name="jobSeeker" time="9.583"/>
  <testcase classname="com.imejob.tests.navigation.HeaderNavigationTest" name="employer" time="10.843"/>
</testsuite> <!-- com.imejob.tests.navigation.HeaderNavigationTest -->
