<?xml version="1.0" encoding="UTF-8"?>
<!-- Generated by org.testng.reporters.JUnitReportReporter -->
<testsuite hostname="Sumair" failures="0" tests="7" name="com.imejob.tests.functional.HomePageJobCardsTest" time="79.788" errors="0" timestamp="2025-09-28T19:44:26 IST" skipped="0">
  <testcase classname="com.imejob.tests.functional.HomePageJobCardsTest" name="verifyDefaultJobCardsCount" time="11.352"/>
  <testcase classname="com.imejob.tests.functional.HomePageJobCardsTest" name="verifyDefaultJobCardTextIsNotEmpty" time="10.677"/>
  <testcase classname="com.imejob.tests.functional.HomePageJobCardsTest" name="testClickFirstCard" time="9.375"/>
  <testcase classname="com.imejob.tests.functional.HomePageJobCardsTest" name="testClickLastCard" time="11.799"/>
  <testcase classname="com.imejob.tests.functional.HomePageJobCardsTest" name="verifyFirstAndLastJobCardContainsRequiredFields" time="8.172"/>
  <testcase classname="com.imejob.tests.functional.HomePageJobCardsTest" name="testLoginButtonRedirectsToLoginPage" time="14.588"/>
  <testcase classname="com.imejob.tests.functional.HomePageJobCardsTest" name="applyJob" time="13.825"/>
</testsuite> <!-- com.imejob.tests.functional.HomePageJobCardsTest -->
