<?xml version="1.0" encoding="UTF-8"?>
<!-- Generated by org.testng.reporters.JUnitReportReporter -->
<testsuite hostname="Sumair" failures="0" tests="3" name="com.imejob.tests.functional.JobSeekerSignInTest" time="46.927" errors="0" timestamp="2025-09-28T19:52:09 IST" skipped="0">
  <testcase classname="com.imejob.tests.functional.JobSeekerSignInTest" name="signInTest" time="17.606"/>
  <testcase classname="com.imejob.tests.functional.JobSeekerSignInTest" name="forgetPassNavigationTest" time="13.373"/>
  <testcase classname="com.imejob.tests.functional.JobSeekerSignInTest" name="loginNavigationTest" time="15.948"/>
</testsuite> <!-- com.imejob.tests.functional.JobSeekerSignInTest -->
