<?xml version="1.0" encoding="UTF-8"?>
<!-- Generated by org.testng.reporters.JUnitReportReporter -->
<testsuite hostname="Sumair" failures="0" tests="1" name="com.imejob.tests.functional.HomePageJobCardsTest" time="17.560" errors="0" timestamp="2025-09-15T14:09:14 IST" skipped="0">
  <testcase classname="com.imejob.tests.functional.HomePageJobCardsTest" name="applyJob" time="17.560"/>
</testsuite> <!-- com.imejob.tests.functional.HomePageJobCardsTest -->
