<?xml version="1.0" encoding="UTF-8"?>
<!-- Generated by org.testng.reporters.JUnitReportReporter -->
<testsuite hostname="Sumair" failures="0" tests="4" name="com.imejob.tests.functional.EmployerAuthTest" time="56.252" errors="0" timestamp="2025-09-28T19:35:18 IST" skipped="0">
  <testcase classname="com.imejob.tests.functional.EmployerAuthTest" name="verifyNavigateToCreateAccount" time="8.913"/>
  <testcase classname="com.imejob.tests.functional.EmployerAuthTest" name="verifyNavigateToSignIn" time="15.846"/>
  <testcase classname="com.imejob.tests.functional.EmployerAuthTest" name="verifyNavigateToForgotPassword" time="10.533"/>
  <testcase classname="com.imejob.tests.functional.EmployerAuthTest" name="verifyNavigateToLogin" time="20.960"/>
</testsuite> <!-- com.imejob.tests.functional.EmployerAuthTest -->
